
> bmw-showcase@0.1.0 dev
> next dev

▲ Next.js 16.2.6 (Turbopack)
- Local:         http://localhost:3000
- Network:       http://192.168.1.4:3000
✓ Ready in 268ms

 GET / 200 in 279ms (next.js: 105ms, application-code: 174ms)
 GET / 200 in 41ms (next.js: 3ms, application-code: 38ms)
 GET / 200 in 43ms (next.js: 1996µs, application-code: 41ms)
 GET / 200 in 58ms (next.js: 2ms, application-code: 55ms)
 GET / 200 in 49ms (next.js: 3ms, application-code: 46ms)
 GET / 200 in 178ms (next.js: 47ms, application-code: 132ms)
 GET / 200 in 80ms (next.js: 6ms, application-code: 74ms)
 GET / 200 in 170ms (next.js: 43ms, application-code: 127ms)
 GET / 200 in 37ms (next.js: 2ms, application-code: 35ms)
 GET / 200 in 40ms (next.js: 2ms, application-code: 38ms)
 GET / 200 in 36ms (next.js: 1931µs, application-code: 34ms)
 GET / 200 in 171ms (next.js: 49ms, application-code: 122ms)
 GET / 200 in 36ms (next.js: 1969µs, application-code: 34ms)
 GET / 200 in 36ms (next.js: 1964µs, application-code: 34ms)
 GET / 200 in 35ms (next.js: 1998µs, application-code: 33ms)
 GET / 200 in 37ms (next.js: 1926µs, application-code: 35ms)
 GET / 200 in 37ms (next.js: 2ms, application-code: 35ms)
 GET / 200 in 40ms (next.js: 1944µs, application-code: 38ms)
 GET / 200 in 48ms (next.js: 1684µs, application-code: 46ms)
 GET / 200 in 60ms (next.js: 1965µs, application-code: 58ms)
 GET / 200 in 38ms (next.js: 1973µs, application-code: 36ms)
 GET / 200 in 36ms (next.js: 2ms, application-code: 34ms)
 GET / 200 in 36ms (next.js: 1679µs, application-code: 35ms)
 GET / 200 in 37ms (next.js: 3ms, application-code: 33ms)
 GET / 200 in 38ms (next.js: 1969µs, application-code: 36ms)
 GET / 200 in 38ms (next.js: 1877µs, application-code: 37ms)
 GET / 200 in 33ms (next.js: 1831µs, application-code: 31ms)
 GET / 200 in 166ms (next.js: 42ms, application-code: 124ms)
 GET / 200 in 44ms (next.js: 3ms, application-code: 41ms)
 GET / 200 in 37ms (next.js: 2ms, application-code: 35ms)
 GET / 200 in 36ms (next.js: 2ms, application-code: 34ms)
 GET / 200 in 41ms (next.js: 2ms, application-code: 39ms)
 GET / 200 in 34ms (next.js: 1678µs, application-code: 32ms)
 GET / 200 in 46ms (next.js: 3ms, application-code: 43ms)
 GET / 200 in 70ms (next.js: 4ms, application-code: 66ms)
✓ Compiled in 26ms
 GET / 200 in 100ms (next.js: 49ms, application-code: 52ms)
 GET / 200 in 113ms (next.js: 2ms, application-code: 111ms)
✓ Compiled in 25ms
 GET / 200 in 108ms (next.js: 55ms, application-code: 52ms)
 GET / 200 in 90ms (next.js: 1835µs, application-code: 88ms)
 GET / 200 in 35ms (next.js: 1798µs, application-code: 33ms)
 GET / 200 in 35ms (next.js: 2ms, application-code: 33ms)
 GET / 200 in 33ms (next.js: 1719µs, application-code: 32ms)
 GET / 200 in 33ms (next.js: 1805µs, application-code: 32ms)
 GET / 200 in 41ms (next.js: 1761µs, application-code: 39ms)
 GET / 200 in 34ms (next.js: 2ms, application-code: 32ms)
 GET / 200 in 43ms (next.js: 4ms, application-code: 40ms)
 GET / 200 in 38ms (next.js: 2ms, application-code: 36ms)
 GET / 200 in 33ms (next.js: 2ms, application-code: 31ms)
✓ Compiled in 46ms
 GET / 200 in 85ms (next.js: 41ms, application-code: 43ms)
 GET / 200 in 85ms (next.js: 1586µs, application-code: 84ms)
 GET / 200 in 45ms (next.js: 2ms, application-code: 43ms)
 GET / 200 in 51ms (next.js: 3ms, application-code: 48ms)
 GET / 200 in 50ms (next.js: 5ms, application-code: 45ms)
 GET / 200 in 34ms (next.js: 2ms, application-code: 32ms)
 GET / 200 in 36ms (next.js: 2ms, application-code: 34ms)
 GET / 200 in 39ms (next.js: 3ms, application-code: 36ms)
 GET / 200 in 35ms (next.js: 1908µs, application-code: 33ms)
 GET / 200 in 38ms (next.js: 3ms, application-code: 36ms)
 GET / 200 in 44ms (next.js: 1820µs, application-code: 42ms)
 GET / 200 in 41ms (next.js: 2ms, application-code: 39ms)
 GET / 200 in 39ms (next.js: 1822µs, application-code: 37ms)
 GET / 200 in 38ms (next.js: 1927µs, application-code: 36ms)
✓ Compiled in 25ms
 GET / 200 in 87ms (next.js: 41ms, application-code: 46ms)
 GET / 200 in 103ms (next.js: 5ms, application-code: 99ms)
 GET / 200 in 43ms (next.js: 2ms, application-code: 41ms)
 GET / 200 in 41ms (next.js: 1962µs, application-code: 39ms)
 GET / 200 in 41ms (next.js: 2ms, application-code: 39ms)
 GET / 200 in 42ms (next.js: 1881µs, application-code: 40ms)
 GET / 200 in 36ms (next.js: 2ms, application-code: 34ms)
 GET / 200 in 40ms (next.js: 2ms, application-code: 38ms)
 GET / 200 in 38ms (next.js: 1967µs, application-code: 36ms)
 GET / 200 in 40ms (next.js: 1968µs, application-code: 38ms)
 GET / 200 in 41ms (next.js: 4ms, application-code: 37ms)
✓ Compiled in 22ms
 GET / 200 in 72ms (next.js: 40ms, application-code: 32ms)
 GET / 200 in 111ms (next.js: 2ms, application-code: 109ms)
 GET / 200 in 59ms (next.js: 3ms, application-code: 56ms)
 GET / 200 in 47ms (next.js: 3ms, application-code: 44ms)
 GET / 200 in 40ms (next.js: 1756µs, application-code: 39ms)
 GET / 200 in 37ms (next.js: 2ms, application-code: 34ms)
 GET / 200 in 53ms (next.js: 3ms, application-code: 51ms)
 GET / 200 in 52ms (next.js: 3ms, application-code: 50ms)
 GET / 200 in 45ms (next.js: 3ms, application-code: 42ms)
 GET / 200 in 36ms (next.js: 2ms, application-code: 34ms)
 GET / 200 in 41ms (next.js: 1807µs, application-code: 39ms)
 GET / 200 in 55ms (next.js: 3ms, application-code: 53ms)
 GET / 200 in 40ms (next.js: 2ms, application-code: 38ms)
✓ Compiled in 100ms
✓ Compiled in 37ms
 GET / 200 in 95ms (next.js: 49ms, application-code: 46ms)
 GET / 200 in 237ms (next.js: 3ms, application-code: 234ms)
 GET / 200 in 66ms (next.js: 5ms, application-code: 62ms)
✓ Compiled in 54ms
 GET / 200 in 40ms (next.js: 1969µs, application-code: 38ms)
✓ Compiled in 43ms
 GET / 200 in 87ms (next.js: 45ms, application-code: 42ms)
 GET / 200 in 198ms (next.js: 3ms, application-code: 195ms)
 GET / 200 in 68ms (next.js: 4ms, application-code: 64ms)
✓ Compiled in 26ms
 GET / 200 in 93ms (next.js: 45ms, application-code: 48ms)
 GET / 200 in 167ms (next.js: 2ms, application-code: 165ms)
 GET / 200 in 78ms (next.js: 4ms, application-code: 74ms)
✓ Compiled in 26ms
 GET / 200 in 98ms (next.js: 46ms, application-code: 51ms)
 GET / 200 in 108ms (next.js: 2ms, application-code: 106ms)
 GET / 200 in 37ms (next.js: 2ms, application-code: 35ms)
✓ Compiled in 40ms
 GET / 200 in 102ms (next.js: 47ms, application-code: 54ms)
 GET / 200 in 138ms (next.js: 2ms, application-code: 136ms)
✓ Compiled in 26ms
 GET / 200 in 89ms (next.js: 42ms, application-code: 47ms)
 GET / 200 in 93ms (next.js: 1777µs, application-code: 91ms)
✓ Compiled in 25ms
 GET / 200 in 76ms (next.js: 41ms, application-code: 35ms)
 GET / 200 in 114ms (next.js: 1963µs, application-code: 112ms)
✓ Compiled in 23ms
 GET / 200 in 89ms (next.js: 38ms, application-code: 50ms)
 GET / 200 in 106ms (next.js: 2ms, application-code: 104ms)
✓ Compiled in 24ms
 GET / 200 in 91ms (next.js: 45ms, application-code: 46ms)
 GET / 200 in 88ms (next.js: 2ms, application-code: 86ms)
 GET / 200 in 43ms (next.js: 3ms, application-code: 40ms)
 GET / 200 in 39ms (next.js: 3ms, application-code: 36ms)
 GET / 200 in 46ms (next.js: 1714µs, application-code: 45ms)
✓ Compiled in 37ms
 GET / 200 in 107ms (next.js: 52ms, application-code: 55ms)
 GET / 200 in 176ms (next.js: 4ms, application-code: 172ms)
 GET / 200 in 37ms (next.js: 1877µs, application-code: 35ms)
 GET / 200 in 38ms (next.js: 1849µs, application-code: 36ms)
 GET / 200 in 36ms (next.js: 1930µs, application-code: 34ms)
